<html>
<body>
<pre>
<h1>µVision Build Log</h1>
<h2>Tool Versions:</h2>
IDE-Version: ¦ÌVision V5.14.0.0
Copyright (C) 2015 ARM Ltd and ARM Germany GmbH. All rights reserved.
License Information: wb l, TJCU, LIC=Q7GLQ-N6753-QHW8A-1LIHG-H9EMD-CWGKZ
 
Tool Versions:
Toolchain:       MDK-ARM Professional  Version: 5.14.0.0
Toolchain Path:  D:\Program Files (x86)\Keill_5\ARM\ARMCC\Bin
C Compiler:      Armcc.exe V5.05 update 1 (build 106)
Assembler:       Armasm.exe V5.05 update 1 (build 106)
Linker/Locator:  ArmLink.exe V5.05 update 1 (build 106)
Library Manager: ArmAr.exe V5.05 update 1 (build 106)
Hex Converter:   FromElf.exe V5.05 update 1 (build 106)
CPU DLL:         SARMCM3.DLL V5.14.0.0
Dialog DLL:      DCM.DLL V1.13.1.0
Target DLL:      Segger\JL2CM3.dll V2.99.13.0
Dialog DLL:      TCM.DLL V1.14.4.0
 
<h2>Project:</h2>
D:\build\mpu\MDK-ARM\BanCar.uvprojx
Project File Date:  09/16/2017

<h2>Output:</h2>
Build target 'BanCar'
compiling main.c...
../Src/main.c(105): warning:  #223-D: function "SD_UART_Send" declared implicitly
                  SD_UART_Send(&huart1,mpu_ok,(uint16_t)15);
../Src/main.c(109): warning:  #223-D: function "SD_UART_Send" declared implicitly
                  SD_UART_Send(&huart1,mpu_not,(uint16_t)17);
../Src/main.c(113): warning:  #177-D: variable "temper" was declared but never referenced
          float temper = mpu1.Temperature;
../Src/main.c(115): warning:  #177-D: variable "g_x" was declared but never referenced
          int16_t g_x = mpu1.Gyroscope_X;
../Src/main.c(116): warning:  #177-D: variable "g_y" was declared but never referenced
          int16_t g_y = mpu1.Gyroscope_Y;
../Src/main.c(117): warning:  #177-D: variable "g_z" was declared but never referenced
          int16_t g_z = mpu1.Gyroscope_Z;
../Src/main.c(120): warning:  #177-D: variable "a_x" was declared but never referenced
          int16_t a_x = mpu1.Accelerometer_X;
../Src/main.c(121): warning:  #177-D: variable "a_y" was declared but never referenced
          int16_t a_y = mpu1.Accelerometer_Y;
../Src/main.c(122): warning:  #177-D: variable "a_z" was declared but never referenced
          int16_t a_z = mpu1.Accelerometer_Z;
../Src/main.c(152): error:  #20: identifier "RCC_PERIPHCLK_USART1" is undefined
    PeriphClkInit.PeriphClockSelection = RCC_PERIPHCLK_USART1|RCC_PERIPHCLK_I2C1;
../Src/main.c(152): error:  #20: identifier "RCC_PERIPHCLK_I2C1" is undefined
    PeriphClkInit.PeriphClockSelection = RCC_PERIPHCLK_USART1|RCC_PERIPHCLK_I2C1;
../Src/main.c(153): error:  #136: struct "<unnamed>" has no field "Usart1ClockSelection"
    PeriphClkInit.Usart1ClockSelection = RCC_USART1CLKSOURCE_PCLK1;
../Src/main.c(153): error:  #20: identifier "RCC_USART1CLKSOURCE_PCLK1" is undefined
    PeriphClkInit.Usart1ClockSelection = RCC_USART1CLKSOURCE_PCLK1;
../Src/main.c(154): error:  #136: struct "<unnamed>" has no field "I2c1ClockSelection"
    PeriphClkInit.I2c1ClockSelection = RCC_I2C1CLKSOURCE_HSI;
../Src/main.c(154): error:  #20: identifier "RCC_I2C1CLKSOURCE_HSI" is undefined
    PeriphClkInit.I2c1ClockSelection = RCC_I2C1CLKSOURCE_HSI;
../Src/main.c(170): error:  #136: struct "<unnamed>" has no field "Timing"
    hi2c1.Init.Timing = 0x2000090E;
../Src/main.c(173): error:  #20: identifier "I2C_DUALADDRESS_DISABLED" is undefined
    hi2c1.Init.DualAddressMode = I2C_DUALADDRESS_DISABLED;
../Src/main.c(175): error:  #136: struct "<unnamed>" has no field "OwnAddress2Masks"
    hi2c1.Init.OwnAddress2Masks = I2C_OA2_NOMASK;
../Src/main.c(175): error:  #20: identifier "I2C_OA2_NOMASK" is undefined
    hi2c1.Init.OwnAddress2Masks = I2C_OA2_NOMASK;
../Src/main.c(176): error:  #20: identifier "I2C_GENERALCALL_DISABLED" is undefined
    hi2c1.Init.GeneralCallMode = I2C_GENERALCALL_DISABLED;
../Src/main.c(177): error:  #20: identifier "I2C_NOSTRETCH_DISABLED" is undefined
    hi2c1.Init.NoStretchMode = I2C_NOSTRETCH_DISABLED;
../Src/main.c(182): warning:  #223-D: function "HAL_I2CEx_AnalogFilter_Config" declared implicitly
    HAL_I2CEx_AnalogFilter_Config(&hi2c1, I2C_ANALOGFILTER_ENABLED);
../Src/main.c(182): error:  #20: identifier "I2C_ANALOGFILTER_ENABLED" is undefined
    HAL_I2CEx_AnalogFilter_Config(&hi2c1, I2C_ANALOGFILTER_ENABLED);
../Src/main.c(198): error:  #136: struct "<unnamed>" has no field "OneBitSampling"
    huart1.Init.OneBitSampling = UART_ONEBIT_SAMPLING_DISABLED ;
../Src/main.c(198): error:  #20: identifier "UART_ONEBIT_SAMPLING_DISABLED" is undefined
    huart1.Init.OneBitSampling = UART_ONEBIT_SAMPLING_DISABLED ;
../Src/main.c(199): error:  #136: struct "<unnamed>" has no field "AdvancedInit"
    huart1.AdvancedInit.AdvFeatureInit = UART_ADVFEATURE_NO_INIT;
../Src/main.c(199): error:  #20: identifier "UART_ADVFEATURE_NO_INIT" is undefined
    huart1.AdvancedInit.AdvFeatureInit = UART_ADVFEATURE_NO_INIT;
../Src/main.c(217): warning:  #223-D: function "__GPIOA_CLK_ENABLE" declared implicitly
    __GPIOA_CLK_ENABLE();
../Src/main.c(218): warning:  #223-D: function "__GPIOB_CLK_ENABLE" declared implicitly
    __GPIOB_CLK_ENABLE();
../Src/main.c(230): error:  #20: identifier "GPIO_SPEED_LOW" is undefined
    GPIO_InitStruct.Speed = GPIO_SPEED_LOW;
../Src/main.c: 12 warnings, 18 errors
"BanCar\BanCar.axf" - 18 Error(s), 12 Warning(s).

<h2>Software Packages used:</h2>

Package Vendor: ARM
                http://www.keil.com/pack/ARM.CMSIS.4.2.0.pack
                ARM::CMSIS:CORE:3.40.0
                CMSIS (Cortex Microcontroller Software Interface Standard)
   * Component: CORE Version: 3.40.0

<h2>Collection of Component include folders:</h2>
  D:\build\mpu\MDK-ARM\RTE
  D:\Program Files (x86)\Keill_5\ARM\PACK\ARM\CMSIS\4.2.0\CMSIS\Include
  D:\Program Files (x86)\Keill_5\ARM\PACK\Keil\STM32F1xx_DFP\1.0.5\Device\Include

<h2>Collection of Component Files used:</h2>

   * Component: ARM::CMSIS:CORE:3.40.0
      Source file:   CMSIS\UserCodeTemplates\ARM\ITM_Retarget.c
Target not created.
</pre>
</body>
</html>
